info: Feb-22-2022 11:39:14: 	项目开始运行
info: Feb-22-2022 11:42:23: 	项目开始运行
info: Feb-22-2022 11:43:15: 	项目开始运行
info: Feb-22-2022 11:43:48: 	项目开始运行
info: Feb-22-2022 11:44:52: 	项目开始运行
info: Feb-22-2022 11:44:56: 	项目开始运行
info: Feb-22-2022 11:44:56: 	用户访问首页:
info: Feb-22-2022 11:45:27: 	项目开始运行
info: Feb-22-2022 11:45:31: 	用户访问首页:[object Object]
info: Feb-22-2022 11:45:36: 	用户访问首页:[object Object]
info: Feb-22-2022 11:46:01: 	项目开始运行
info: Feb-22-2022 11:46:05: 	用户访问首页:超级管理员
info: Feb-22-2022 11:59:56: 	用户访问首页:超级管理员
info: Mar-03-2022 17:45:53: 	项目开始运行
info: Mar-03-2022 17:48:25: 	项目开始运行
info: Mar-03-2022 17:49:50: 	用户访问首页:超级管理员
info: Mar-03-2022 17:54:20: 	用户访问首页:超级管理员
info: Mar-03-2022 17:57:11: 	项目开始运行
info: Mar-03-2022 17:57:14: 	用户访问首页:超级管理员
info: Mar-09-2022 15:34:40: 	项目开始运行
info: Mar-09-2022 15:35:15: 	项目开始运行
info: Mar-09-2022 15:35:18: 	用户访问首页:超级管理员
info: Mar-09-2022 15:37:02: 	项目开始运行
info: Mar-09-2022 15:37:06: 	::1用户访问首页:超级管理员
info: Mar-09-2022 15:37:43: 	项目开始运行
info: Mar-09-2022 15:46:11: 	项目开始运行
info: Mar-09-2022 15:46:36: 	::ffff:192.168.1.6用户访问首页:超级管理员
info: Mar-09-2022 15:47:02: 	项目开始运行
